<?xml version="1.0" encoding="UTF-8"?>
<!-- Generated by org.testng.reporters.JUnitReportReporter -->
<testsuite hostname="Sohan" failures="0" tests="1" name="com.myproject.TC_1" time="16.601" errors="0" timestamp="2023-10-14T12:55:55 IST" skipped="0">
  <testcase classname="com.myproject.TC_1" name="login_test" time="16.601"/>
</testsuite> <!-- com.myproject.TC_1 -->
